<?xml version="1.0" encoding="UTF-8"?>
<testsuite xmlns:xsi="http://www.w3.org/2001/XMLSchema-instance" xsi:noNamespaceSchemaLocation="https://maven.apache.org/surefire/maven-surefire-plugin/xsd/surefire-test-report.xsd" name="com.example.CalculatorTest" time="0" tests="3" errors="0" skipped="0" failures="1">
  <properties>
[...]
</properties>
  <testcase name="testSum" classname="com.example.CalculatorTest" time="0"/>
  <testcase name="testSum2" classname="com.example.CalculatorTest" time="0">
    <failure message="expected: &lt;-5&gt; but was: &lt;-4&gt;" type="org.opentest4j.AssertionFailedError"><![CDATA[org.opentest4j.AssertionFailedError: expected: <-5> but was: <-4>
	at com.example.CalculatorTest.testSum2(CalculatorTest.java:35)
]]></failure>
  </testcase>
  <testcase name="testMethodB" classname="com.example.CalculatorTest" time="0"/>
</testsuite>